<?xml version="1.0" encoding="UTF-8"?>
<!-- Generated by org.testng.reporters.JUnitReportReporter -->
<testsuite hostname="DESKTOP-UBC2RB5" failures="0" tests="6" name="NMMS2022_23Login_Test.NMMS_Login_Test" time="7.915" errors="0" timestamp="2022-11-29T22:18:19 IST" skipped="0">
  <testcase classname="NMMS2022_23Login_Test.NMMS_Login_Test" name="veriftybtn1" time="2.249"/>
  <system-out>
    <![CDATA[Actual Button Name : NMMS (2021-22)
Expected Button Name : NMMS (2021-22)]]>
  </system-out>
  <testcase classname="NMMS2022_23Login_Test.NMMS_Login_Test" name="verifybtn2" time="0.230"/>
  <system-out>
    <![CDATA[Actual Button Name : NMMS (2022-23)
Expected Button Name : NMMS (2022-23)]]>
  </system-out>
  <testcase classname="NMMS2022_23Login_Test.NMMS_Login_Test" name="verifybtnisenabled1" time="0.140"/>
  <system-out>
    <![CDATA[Button is enabled : true]]>
  </system-out>
  <testcase classname="NMMS2022_23Login_Test.NMMS_Login_Test" name="verifybtnisenabled2" time="0.072"/>
  <system-out>
    <![CDATA[Button is enabled : true]]>
  </system-out>
  <testcase classname="NMMS2022_23Login_Test.NMMS_Login_Test" name="clickonnmms22_23" time="4.980"/>
  <system-out/>
  <testcase classname="NMMS2022_23Login_Test.NMMS_Login_Test" name="verifybtntxtstatus" time="0.244"/>
  <system-out>
    <![CDATA[Actual button text : शाळा लॉग इन
School Login
Expected button text : शाळा लॉग इन
School Login]]>
  </system-out>
</testsuite> <!-- NMMS2022_23Login_Test.NMMS_Login_Test -->
